<!DOCTYPE html>


<!--
 | Generated by Apache Maven Doxia Site Renderer 2.0.0 from org.apache.maven.plugins:maven-surefire-report-plugin:3.5.3:report at 2025-08-20
 | Rendered using Apache Maven Fluido Skin 2.0.0-M9
-->
<html xmlns="http://www.w3.org/1999/xhtml" lang="en">
  <head>
    <meta charset="UTF-8" />
    <meta name="viewport" content="width=device-width, initial-scale=1" />
    <meta name="generator" content="Apache Maven Doxia Site Renderer 2.0.0" />
    <title>Surefire Report – bookapp-e2e-tests</title>
    <link rel="stylesheet" href="./css/apache-maven-fluido-2.0.0-M9.min.css" />
    <link rel="stylesheet" href="./css/site.css" />
    <link rel="stylesheet" href="./css/print.css" media="print" />
    <script src="./js/apache-maven-fluido-2.0.0-M9.min.js"></script>
  </head>
  <body>
    <div class="container container-top">
      <header>
        <div id="banner">
          <div class="pull-left"><div id="bannerLeft"><h1>bookapp-e2e-tests</h1></div></div>
          <div class="pull-right"></div>
          <div class="clear"><hr/></div>
        </div>

        <div id="breadcrumbs">
          <ul class="breadcrumb">
        <li id="publishDate">Last Published: 2025-08-20<span class="divider">|</span>
</li>
          <li id="projectVersion">Version: 0.0.1-SNAPSHOT</li>
        <li class="pull-right"><a href="${project.url}">bookapp-e2e-tests</a></li>
          </ul>
        </div>
      </header>
        <main id="bodyColumn">

<script>
function toggleDisplay(elementId) {
 var elm = document.getElementById(elementId + '-error');
 if (elm == null) {
  elm = document.getElementById(elementId + '-failure');
 }
 if (elm && typeof elm.style != "undefined") {
  if (elm.style.display == "none") {
   elm.style.display = "";
   document.getElementById(elementId + '-off').style.display = "none";
   document.getElementById(elementId + '-on').style.display = "inline";
  } else if (elm.style.display == "") {   elm.style.display = "none";
   document.getElementById(elementId + '-off').style.display = "inline";
   document.getElementById(elementId + '-on').style.display = "none";
  }
 }
 }
</script>
<section><a id="Surefire_Report"></a>
<h1>Surefire Report</h1><section><a id="Summary"></a>
<h2>Summary</h2>
<p>[<a href="#Summary">Summary</a>] [<a href="#Package_List">Package List</a>] [<a href="#Test_Cases">Test Cases</a>]</p><br />
<table class="table table-striped">
<tr class="a">
<th>Tests</th>
<th>Errors</th>
<th>Failures</th>
<th>Skipped</th>
<th>Success Rate</th>
<th>Time</th></tr>
<tr class="b">
<td>2</td>
<td>2</td>
<td>0</td>
<td>0</td>
<td>0%</td>
<td>2.546 s</td></tr></table><br />
<p>Note: failures are anticipated and checked for with assertions while errors are unanticipated.</p><br /></section><section><a id="Package_List"></a>
<h2>Package List</h2>
<p>[<a href="#Summary">Summary</a>] [<a href="#Package_List">Package List</a>] [<a href="#Test_Cases">Test Cases</a>]</p><br />
<table class="table table-striped">
<tr class="a">
<th>Package</th>
<th>Tests</th>
<th>Errors</th>
<th>Failures</th>
<th>Skipped</th>
<th>Success Rate</th>
<th>Time</th></tr>
<tr class="b">
<td><a href="#com.example.bookapp.e2e">com.example.bookapp.e2e</a></td>
<td>2</td>
<td>2</td>
<td>0</td>
<td>0</td>
<td>0%</td>
<td>2.546 s</td></tr></table><br />
<p>Note: package statistics are not computed recursively, they only sum up all of its testsuites numbers.</p><section><a id="com.example.bookapp.e2e"></a>
<h3>com.example.bookapp.e2e</h3>
<table class="table table-striped">
<tr class="a">
<th>-</th>
<th>Class</th>
<th>Tests</th>
<th>Errors</th>
<th>Failures</th>
<th>Skipped</th>
<th>Success Rate</th>
<th>Time</th></tr>
<tr class="b">
<td><a href="#com.example.bookapp.e2e.AuthFlowTest"><img src="images/icon_error_sml.gif" /></a></td>
<td><a href="#com.example.bookapp.e2e.AuthFlowTest">AuthFlowTest</a></td>
<td>1</td>
<td>1</td>
<td>0</td>
<td>0</td>
<td>0%</td>
<td>1.643 s</td></tr>
<tr class="a">
<td><a href="#com.example.bookapp.e2e.BookCrudTest"><img src="images/icon_error_sml.gif" /></a></td>
<td><a href="#com.example.bookapp.e2e.BookCrudTest">BookCrudTest</a></td>
<td>1</td>
<td>1</td>
<td>0</td>
<td>0</td>
<td>0%</td>
<td>0.903 s</td></tr></table></section><br /></section><section><a id="Test_Cases"></a>
<h2>Test Cases</h2>
<p>[<a href="#Summary">Summary</a>] [<a href="#Package_List">Package List</a>] [<a href="#Test_Cases">Test Cases</a>]</p><section><a id="com.example.bookapp.e2e.AuthFlowTest"></a>
<h3>AuthFlowTest</h3>
<table class="table table-striped">
<tr class="a">
<td><a href="#com.example.bookapp.e2e.AuthFlowTest.shouldRegisterAndLoginSuccessfully"><img src="images/icon_error_sml.gif" /></a></td>
<td><a id="TC_com.example.bookapp.e2e.AuthFlowTest.shouldRegisterAndLoginSuccessfully"></a><a href="#com.example.bookapp.e2e.AuthFlowTest.shouldRegisterAndLoginSuccessfully">shouldRegisterAndLoginSuccessfully</a>
<div class="detailToggle" style="display:inline"><a href="javascript:toggleDisplay('com.example.bookapp.e2e.AuthFlowTest.shouldRegisterAndLoginSuccessfully');"><span style="display:inline;" id="com.example.bookapp.e2e.AuthFlowTest.shouldRegisterAndLoginSuccessfully-off"> + </span><span style="display:none;" id="com.example.bookapp.e2e.AuthFlowTest.shouldRegisterAndLoginSuccessfully-on"> - </span>[ Detail ]</a></div></td>
<td>1.612 s</td></tr>
<tr class="b">
<td>-</td>
<td>invalid argument
  (Session info: chrome=139.0.7258.128)
Build info: version: '4.23.0', revision: '4df0a231af'
System info: os.name: 'Windows 11', os.arch: 'amd64', os.version: '10.0', java.version: '22.0.1'
Driver info: org.openqa.selenium.chrome.ChromeDriver
Command: [b0e0a977dfdd7743fa6f5091fd31cefa, get {url=}]
Capabilities {acceptInsecureCerts: false, browserName: chrome, browserVersion: 139.0.7258.128, chrome: {chromedriverVersion: 139.0.7258.138 (884e54ea8d4..., userDataDir: C:\Users\Shashith\AppData\L...}, fedcm:accounts: true, goog:chromeOptions: {debuggerAddress: localhost:13821}, networkConnectionEnabled: false, pageLoadStrategy: normal, platformName: windows, proxy: Proxy(), se:cdp: ws://localhost:13821/devtoo..., se:cdpVersion: 139.0.7258.128, setWindowRect: true, strictFileInteractability: false, timeouts: {implicit: 0, pageLoad: 300000, script: 30000}, unhandledPromptBehavior: dismiss and notify, webauthn:extension:credBlob: true, webauthn:extension:largeBlob: true, webauthn:extension:minPinLength: true, webauthn:extension:prf: true, webauthn:virtualAuthenticators: true}
Session ID: b0e0a977dfdd7743fa6f5091fd31cefa</td>
<td>-</td></tr>
<tr id="com.example.bookapp.e2e.AuthFlowTest.shouldRegisterAndLoginSuccessfully-error" style="display:none;" class="a">
<td>-</td>
<td>
<pre>org.openqa.selenium.InvalidArgumentException: 
invalid argument
  (Session info: chrome=139.0.7258.128)
Build info: version: '4.23.0', revision: '4df0a231af'
System info: os.name: 'Windows 11', os.arch: 'amd64', os.version: '10.0', java.version: '22.0.1'
Driver info: org.openqa.selenium.chrome.ChromeDriver
Command: [b0e0a977dfdd7743fa6f5091fd31cefa, get {url=}]
Capabilities {acceptInsecureCerts: false, browserName: chrome, browserVersion: 139.0.7258.128, chrome: {chromedriverVersion: 139.0.7258.138 (884e54ea8d4..., userDataDir: C:\Users\Shashith\AppData\L...}, fedcm:accounts: true, goog:chromeOptions: {debuggerAddress: localhost:13821}, networkConnectionEnabled: false, pageLoadStrategy: normal, platformName: windows, proxy: Proxy(), se:cdp: ws://localhost:13821/devtoo..., se:cdpVersion: 139.0.7258.128, setWindowRect: true, strictFileInteractability: false, timeouts: {implicit: 0, pageLoad: 300000, script: 30000}, unhandledPromptBehavior: dismiss and notify, webauthn:extension:credBlob: true, webauthn:extension:largeBlob: true, webauthn:extension:minPinLength: true, webauthn:extension:prf: true, webauthn:virtualAuthenticators: true}
Session ID: b0e0a977dfdd7743fa6f5091fd31cefa
	at java.base/jdk.internal.reflect.DirectConstructorHandleAccessor.newInstance(DirectConstructorHandleAccessor.java:62)
	at java.base/java.lang.reflect.Constructor.newInstanceWithCaller(Constructor.java:502)
	at java.base/java.lang.reflect.Constructor.newInstance(Constructor.java:486)
	at org.openqa.selenium.remote.ErrorCodec.decode(ErrorCodec.java:167)
	at org.openqa.selenium.remote.codec.w3c.W3CHttpResponseCodec.decode(W3CHttpResponseCodec.java:138)
	at org.openqa.selenium.remote.codec.w3c.W3CHttpResponseCodec.decode(W3CHttpResponseCodec.java:50)
	at org.openqa.selenium.remote.HttpCommandExecutor.execute(HttpCommandExecutor.java:190)
	at org.openqa.selenium.remote.service.DriverCommandExecutor.invokeExecute(DriverCommandExecutor.java:216)
	at org.openqa.selenium.remote.service.DriverCommandExecutor.execute(DriverCommandExecutor.java:174)
	at org.openqa.selenium.remote.RemoteWebDriver.execute(RemoteWebDriver.java:527)
	at org.openqa.selenium.remote.RemoteWebDriver.get(RemoteWebDriver.java:302)
	at com.example.bookapp.e2e.AuthFlowTest.shouldRegisterAndLoginSuccessfully(AuthFlowTest.java:33)
	at java.base/java.lang.reflect.Method.invoke(Method.java:580)
	at java.base/java.util.ArrayList.forEach(ArrayList.java:1597)
	at java.base/java.util.ArrayList.forEach(ArrayList.java:1597)
</pre></td>
<td>-</td></tr></table></section><section><a id="com.example.bookapp.e2e.BookCrudTest"></a>
<h3>BookCrudTest</h3>
<table class="table table-striped">
<tr class="a">
<td><a href="#com.example.bookapp.e2e.BookCrudTest.shouldCreateUpdateAndDeleteBook"><img src="images/icon_error_sml.gif" /></a></td>
<td><a id="TC_com.example.bookapp.e2e.BookCrudTest.shouldCreateUpdateAndDeleteBook"></a><a href="#com.example.bookapp.e2e.BookCrudTest.shouldCreateUpdateAndDeleteBook">shouldCreateUpdateAndDeleteBook</a>
<div class="detailToggle" style="display:inline"><a href="javascript:toggleDisplay('com.example.bookapp.e2e.BookCrudTest.shouldCreateUpdateAndDeleteBook');"><span style="display:inline;" id="com.example.bookapp.e2e.BookCrudTest.shouldCreateUpdateAndDeleteBook-off"> + </span><span style="display:none;" id="com.example.bookapp.e2e.BookCrudTest.shouldCreateUpdateAndDeleteBook-on"> - </span>[ Detail ]</a></div></td>
<td>0.902 s</td></tr>
<tr class="b">
<td>-</td>
<td>invalid argument
  (Session info: chrome=139.0.7258.128)
Build info: version: '4.23.0', revision: '4df0a231af'
System info: os.name: 'Windows 11', os.arch: 'amd64', os.version: '10.0', java.version: '22.0.1'
Driver info: org.openqa.selenium.chrome.ChromeDriver
Command: [d217d7518f6ed0e5088c774574bcc169, get {url=}]
Capabilities {acceptInsecureCerts: false, browserName: chrome, browserVersion: 139.0.7258.128, chrome: {chromedriverVersion: 139.0.7258.138 (884e54ea8d4..., userDataDir: C:\Users\Shashith\AppData\L...}, fedcm:accounts: true, goog:chromeOptions: {debuggerAddress: localhost:13837}, networkConnectionEnabled: false, pageLoadStrategy: normal, platformName: windows, proxy: Proxy(), se:cdp: ws://localhost:13837/devtoo..., se:cdpVersion: 139.0.7258.128, setWindowRect: true, strictFileInteractability: false, timeouts: {implicit: 0, pageLoad: 300000, script: 30000}, unhandledPromptBehavior: dismiss and notify, webauthn:extension:credBlob: true, webauthn:extension:largeBlob: true, webauthn:extension:minPinLength: true, webauthn:extension:prf: true, webauthn:virtualAuthenticators: true}
Session ID: d217d7518f6ed0e5088c774574bcc169</td>
<td>-</td></tr>
<tr id="com.example.bookapp.e2e.BookCrudTest.shouldCreateUpdateAndDeleteBook-error" style="display:none;" class="a">
<td>-</td>
<td>
<pre>org.openqa.selenium.InvalidArgumentException: 
invalid argument
  (Session info: chrome=139.0.7258.128)
Build info: version: '4.23.0', revision: '4df0a231af'
System info: os.name: 'Windows 11', os.arch: 'amd64', os.version: '10.0', java.version: '22.0.1'
Driver info: org.openqa.selenium.chrome.ChromeDriver
Command: [d217d7518f6ed0e5088c774574bcc169, get {url=}]
Capabilities {acceptInsecureCerts: false, browserName: chrome, browserVersion: 139.0.7258.128, chrome: {chromedriverVersion: 139.0.7258.138 (884e54ea8d4..., userDataDir: C:\Users\Shashith\AppData\L...}, fedcm:accounts: true, goog:chromeOptions: {debuggerAddress: localhost:13837}, networkConnectionEnabled: false, pageLoadStrategy: normal, platformName: windows, proxy: Proxy(), se:cdp: ws://localhost:13837/devtoo..., se:cdpVersion: 139.0.7258.128, setWindowRect: true, strictFileInteractability: false, timeouts: {implicit: 0, pageLoad: 300000, script: 30000}, unhandledPromptBehavior: dismiss and notify, webauthn:extension:credBlob: true, webauthn:extension:largeBlob: true, webauthn:extension:minPinLength: true, webauthn:extension:prf: true, webauthn:virtualAuthenticators: true}
Session ID: d217d7518f6ed0e5088c774574bcc169
	at java.base/jdk.internal.reflect.DirectConstructorHandleAccessor.newInstance(DirectConstructorHandleAccessor.java:62)
	at java.base/java.lang.reflect.Constructor.newInstanceWithCaller(Constructor.java:502)
	at java.base/java.lang.reflect.Constructor.newInstance(Constructor.java:486)
	at org.openqa.selenium.remote.ErrorCodec.decode(ErrorCodec.java:167)
	at org.openqa.selenium.remote.codec.w3c.W3CHttpResponseCodec.decode(W3CHttpResponseCodec.java:138)
	at org.openqa.selenium.remote.codec.w3c.W3CHttpResponseCodec.decode(W3CHttpResponseCodec.java:50)
	at org.openqa.selenium.remote.HttpCommandExecutor.execute(HttpCommandExecutor.java:190)
	at org.openqa.selenium.remote.service.DriverCommandExecutor.invokeExecute(DriverCommandExecutor.java:216)
	at org.openqa.selenium.remote.service.DriverCommandExecutor.execute(DriverCommandExecutor.java:174)
	at org.openqa.selenium.remote.RemoteWebDriver.execute(RemoteWebDriver.java:527)
	at org.openqa.selenium.remote.RemoteWebDriver.get(RemoteWebDriver.java:302)
	at com.example.bookapp.e2e.BookCrudTest.registerAndLogin(BookCrudTest.java:32)
	at com.example.bookapp.e2e.BookCrudTest.shouldCreateUpdateAndDeleteBook(BookCrudTest.java:57)
	at java.base/java.lang.reflect.Method.invoke(Method.java:580)
	at java.base/java.util.ArrayList.forEach(ArrayList.java:1597)
	at java.base/java.util.ArrayList.forEach(ArrayList.java:1597)
</pre></td>
<td>-</td></tr></table></section><br /></section><section><a id="Failure_Details"></a>
<h2>Failure Details</h2>
<p>[<a href="#Summary">Summary</a>] [<a href="#Package_List">Package List</a>] [<a href="#Test_Cases">Test Cases</a>]</p><br />
<table class="table table-striped">
<tr class="a">
<td><img src="images/icon_error_sml.gif" /></td>
<td><a id="com.example.bookapp.e2e.AuthFlowTest.shouldRegisterAndLoginSuccessfully"></a>shouldRegisterAndLoginSuccessfully</td></tr>
<tr class="b">
<td>-</td>
<td>org.openqa.selenium.InvalidArgumentException: invalid argument
  (Session info: chrome=139.0.7258.128)
Build info: version: '4.23.0', revision: '4df0a231af'
System info: os.name: 'Windows 11', os.arch: 'amd64', os.version: '10.0', java.version: '22.0.1'
Driver info: org.openqa.selenium.chrome.ChromeDriver
Command: [b0e0a977dfdd7743fa6f5091fd31cefa, get {url=}]
Capabilities {acceptInsecureCerts: false, browserName: chrome, browserVersion: 139.0.7258.128, chrome: {chromedriverVersion: 139.0.7258.138 (884e54ea8d4..., userDataDir: C:\Users\Shashith\AppData\L...}, fedcm:accounts: true, goog:chromeOptions: {debuggerAddress: localhost:13821}, networkConnectionEnabled: false, pageLoadStrategy: normal, platformName: windows, proxy: Proxy(), se:cdp: ws://localhost:13821/devtoo..., se:cdpVersion: 139.0.7258.128, setWindowRect: true, strictFileInteractability: false, timeouts: {implicit: 0, pageLoad: 300000, script: 30000}, unhandledPromptBehavior: dismiss and notify, webauthn:extension:credBlob: true, webauthn:extension:largeBlob: true, webauthn:extension:minPinLength: true, webauthn:extension:prf: true, webauthn:virtualAuthenticators: true}
Session ID: b0e0a977dfdd7743fa6f5091fd31cefa</td></tr>
<tr class="a">
<td>-</td>
<td>
<div id="shouldRegisterAndLoginSuccessfully-error">com.example.bookapp.e2e.AuthFlowTest:33</div></td></tr>
<tr class="b">
<td><img src="images/icon_error_sml.gif" /></td>
<td><a id="com.example.bookapp.e2e.BookCrudTest.shouldCreateUpdateAndDeleteBook"></a>shouldCreateUpdateAndDeleteBook</td></tr>
<tr class="a">
<td>-</td>
<td>org.openqa.selenium.InvalidArgumentException: invalid argument
  (Session info: chrome=139.0.7258.128)
Build info: version: '4.23.0', revision: '4df0a231af'
System info: os.name: 'Windows 11', os.arch: 'amd64', os.version: '10.0', java.version: '22.0.1'
Driver info: org.openqa.selenium.chrome.ChromeDriver
Command: [d217d7518f6ed0e5088c774574bcc169, get {url=}]
Capabilities {acceptInsecureCerts: false, browserName: chrome, browserVersion: 139.0.7258.128, chrome: {chromedriverVersion: 139.0.7258.138 (884e54ea8d4..., userDataDir: C:\Users\Shashith\AppData\L...}, fedcm:accounts: true, goog:chromeOptions: {debuggerAddress: localhost:13837}, networkConnectionEnabled: false, pageLoadStrategy: normal, platformName: windows, proxy: Proxy(), se:cdp: ws://localhost:13837/devtoo..., se:cdpVersion: 139.0.7258.128, setWindowRect: true, strictFileInteractability: false, timeouts: {implicit: 0, pageLoad: 300000, script: 30000}, unhandledPromptBehavior: dismiss and notify, webauthn:extension:credBlob: true, webauthn:extension:largeBlob: true, webauthn:extension:minPinLength: true, webauthn:extension:prf: true, webauthn:virtualAuthenticators: true}
Session ID: d217d7518f6ed0e5088c774574bcc169</td></tr>
<tr class="b">
<td>-</td>
<td>
<div id="shouldCreateUpdateAndDeleteBook-error">com.example.bookapp.e2e.BookCrudTest:57</div></td></tr></table><br /></section></section>
        </main>
    </div>
    <hr/>
    <footer>
      <div class="container">
        <div class="row">
            <p>©      2025
</p>
        </div>
        <p id="poweredBy" class="pull-right"><a href="https://maven.apache.org/" class="builtBy" target="_blank"><img class="builtBy" alt="Built by Maven" src="./images/logos/maven-feather.png" /></a>
</p>
      </div>
    </footer>
<script>
  if(anchors) {
    anchors.add();
  }
</script>
  </body>
</html>
